<?xml version="1.0" encoding="UTF-8"?>
<testsuite name="com.translator.ikini.IkiniApplicationTests" tests="1" skipped="0" failures="0" errors="0" timestamp="2024-06-20T01:51:38" hostname="bharanis-MacBook-Pro.local" time="0.411">
  <properties/>
  <testcase name="contextLoads()" classname="com.translator.ikini.IkiniApplicationTests" time="0.411"/>
  <system-out><![CDATA[21:51:37.388 [Test worker] INFO org.springframework.test.context.support.AnnotationConfigContextLoaderUtils -- Could not detect default configuration classes for test class [com.translator.ikini.IkiniApplicationTests]: IkiniApplicationTests does not declare any static, non-private, non-final, nested classes annotated with @Configuration.
21:51:37.430 [Test worker] INFO org.springframework.boot.test.context.SpringBootTestContextBootstrapper -- Found @SpringBootConfiguration com.translator.ikini.IkiniApplication for test class com.translator.ikini.IkiniApplicationTests
21:51:37.492 [Test worker] INFO org.springframework.boot.devtools.restart.RestartApplicationListener -- Restart disabled due to context in which it is running
  .   ____          _            __ _ _
 /\\ / ___'_ __ _ _(_)_ __  __ _ \ \ \ \
( ( )\___ | '_ | '_| | '_ \/ _` | \ \ \ \
 \\/  ___)| |_)| | | | | || (_| |  ) ) ) )
  '  |____| .__|_| |_|_| |_\__, | / / / /
 =========|_|==============|___/=/_/_/_/

 :: Spring Boot ::                (v3.3.0)

2024-06-19T21:51:37.619-04:00  INFO 68051 --- [ikini] [    Test worker] c.t.ikini.IkiniApplicationTests          : Starting IkiniApplicationTests using Java 22.0.1 with PID 68051 (started by bharani in /Users/bharani/Documents/ikini/ikini)
2024-06-19T21:51:37.620-04:00  INFO 68051 --- [ikini] [    Test worker] c.t.ikini.IkiniApplicationTests          : No active profile set, falling back to 1 default profile: "default"
2024-06-19T21:51:37.987-04:00  WARN 68051 --- [ikini] [    Test worker] trationDelegate$BeanPostProcessorChecker : Bean 'org.springframework.ws.config.annotation.DelegatingWsConfiguration' of type [org.springframework.ws.config.annotation.DelegatingWsConfiguration$$SpringCGLIB$$0] is not eligible for getting processed by all BeanPostProcessors (for example: not eligible for auto-proxying). The currently created BeanPostProcessor [annotationActionEndpointMapping] is declared through a non-static factory method on that class; consider declaring it as static instead.
2024-06-19T21:51:37.998-04:00  INFO 68051 --- [ikini] [    Test worker] .w.s.a.s.AnnotationActionEndpointMapping : Supporting [WS-Addressing August 2004, WS-Addressing 1.0]
2024-06-19T21:51:38.441-04:00  INFO 68051 --- [ikini] [    Test worker] c.t.ikini.IkiniApplicationTests          : Started IkiniApplicationTests in 0.95 seconds (process running for 1.431)
]]></system-out>
  <system-err><![CDATA[WARNING: A Java agent has been loaded dynamically (/Users/bharani/.gradle/caches/modules-2/files-2.1/net.bytebuddy/byte-buddy-agent/1.14.16/4a451ee6484abac3a498df0f3b33ed00a6fced4d/byte-buddy-agent-1.14.16.jar)
WARNING: If a serviceability tool is in use, please run with -XX:+EnableDynamicAgentLoading to hide this warning
WARNING: If a serviceability tool is not in use, please run with -Djdk.instrument.traceUsage for more information
WARNING: Dynamic loading of agents will be disallowed by default in a future release
]]></system-err>
</testsuite>
